<?xml version="1.0" encoding="UTF-8"?>
<!-- Generated by org.testng.reporters.JUnitReportReporter -->
<testsuite ignored="0" hostname="SANDEEP" failures="0" tests="1" name="script.ValidLogin" time="37.791" errors="0" timestamp="02 Apr 2020 07:44:08 GMT" skipped="0">
  <testcase classname="script.ValidLogin" name="testValidLogin" time="37.791"/>
</testsuite> <!-- script.ValidLogin -->
